
> notescape-frontend@0.0.0 dev
> vite --host 127.0.0.1 --port 5174


  [32m[1mVITE[22m v7.3.1[39m  [2mready in [0m[1m285[22m[2m[0m ms[22m

  [32m➜[39m  [1mLocal[22m:   [36mhttp://127.0.0.1:[1m5174[22m/[39m
[2m5:26:59 am[22m [36m[1m[vite][22m[39m [90m[2m(client)[22m[39m [32mhmr update [39m[2m/src/styles/global.css, /src/components/Footer.tsx[22m
[2m5:27:09 am[22m [36m[1m[vite][22m[39m [90m[2m(client)[22m[39m [32mhmr update [39m[2m/src/styles/global.css, /src/components/Navbar.tsx[22m
[2m5:27:25 am[22m [36m[1m[vite][22m[39m [90m[2m(client)[22m[39m [32mhmr update [39m[2m/src/components/footer.css[22m
[2m5:27:29 am[22m [36m[1m[vite][22m[39m [90m[2m(client)[22m[39m [32mhmr update [39m[2m/src/styles/global.css[22m
[2m5:27:45 am[22m [36m[1m[vite][22m[39m [90m[2m(client)[22m[39m [32mhmr update [39m[2m/src/components/navbar.css[22m
[2m5:27:51 am[22m [36m[1m[vite][22m[39m [90m[2m(client)[22m[39m [32mhmr update [39m[2m/src/styles/global.css, /src/components/AppSidebar.tsx[22m
[2m5:28:00 am[22m [36m[1m[vite][22m[39m [90m[2m(client)[22m[39m [32mhmr update [39m[2m/src/pages/landing.css[22m
[2m5:40:09 am[22m [36m[1m[vite][22m[39m [90m[2m(client)[22m[39m [32mhmr update [39m[2m/src/hooks/useTheme.tsx, /src/styles/global.css[22m
[2m5:40:09 am[22m [36m[1m[vite][22m[39m [90m[2m(client)[22m[39m [33mhmr invalidate [39m[2m/src/hooks/useTheme.tsx[22m Could not Fast Refresh ("useTheme" export is incompatible). Learn more at https://github.com/vitejs/vite-plugin-react/tree/main/packages/plugin-react#consistent-components-exports
[2m5:40:09 am[22m [36m[1m[vite][22m[39m [90m[2m(client)[22m[39m [32mhmr update [39m[2m/src/App.tsx, /src/components/TopBar.tsx, /src/components/BrandLogo.tsx, /src/components/Navbar.tsx[22m
[2m5:40:20 am[22m [36m[1m[vite][22m[39m [90m[2m(client)[22m[39m [32mhmr update [39m[2m/src/styles/global.css, /src/components/Navbar.tsx[22m
[2m5:40:35 am[22m [36m[1m[vite][22m[39m [90m[2m(client)[22m[39m [32mhmr update [39m[2m/src/components/navbar.css[22m
[2m5:40:39 am[22m [36m[1m[vite][22m[39m [90m[2m(client)[22m[39m [32mhmr update [39m[2m/src/pages/LandingPage.tsx, /src/styles/global.css[22m
[2m5:41:27 am[22m [36m[1m[vite][22m[39m [90m[2m(client)[22m[39m [32mhmr update [39m[2m/src/pages/landing.css[22m
[2m5:41:42 am[22m [36m[1m[vite][22m[39m [90m[2m(client)[22m[39m [32mhmr update [39m[2m/src/pages/landing.css[22m
[2m5:41:57 am[22m [36m[1m[vite][22m[39m [90m[2m(client)[22m[39m [32mhmr update [39m[2m/src/pages/landing.css[22m
[2m5:42:01 am[22m [36m[1m[vite][22m[39m [90m[2m(client)[22m[39m [32mhmr update [39m[2m/src/pages/landing.css[22m
[2m5:42:09 am[22m [36m[1m[vite][22m[39m [90m[2m(client)[22m[39m [32mhmr update [39m[2m/src/pages/landing.css[22m
[2m5:42:45 am[22m [36m[1m[vite][22m[39m [90m[2m(client)[22m[39m [32mhmr update [39m[2m/src/pages/landing.css[22m
[2m5:42:51 am[22m [36m[1m[vite][22m[39m [90m[2m(client)[22m[39m [32mhmr update [39m[2m/src/pages/landing.css[22m
[2m5:42:57 am[22m [36m[1m[vite][22m[39m [90m[2m(client)[22m[39m [32mhmr update [39m[2m/src/pages/landing.css[22m
[2m5:43:03 am[22m [36m[1m[vite][22m[39m [90m[2m(client)[22m[39m [32mhmr update [39m[2m/src/pages/landing.css[22m
[2m5:43:16 am[22m [36m[1m[vite][22m[39m [90m[2m(client)[22m[39m [32mhmr update [39m[2m/src/pages/landing.css[22m
[2m5:43:57 am[22m [36m[1m[vite][22m[39m [90m[2m(client)[22m[39m [32mhmr update [39m[2m/src/pages/landing.css[22m
[2m5:44:09 am[22m [36m[1m[vite][22m[39m [90m[2m(client)[22m[39m [32mhmr update [39m[2m/src/components/footer.css[22m
[2m10:30:40 am[22m [36m[1m[vite][22m[39m [90m[2m(client)[22m[39m [32mhmr update [39m[2m/src/styles/global.css, /src/components/Navbar.tsx[22m
[2m10:30:48 am[22m [36m[1m[vite][22m[39m [90m[2m(client)[22m[39m [32mhmr update [39m[2m/src/components/navbar.css[22m
[2m10:31:02 am[22m [36m[1m[vite][22m[39m [90m[2m(client)[22m[39m [32mhmr update [39m[2m/src/pages/landing.css[22m
[2m10:31:13 am[22m [36m[1m[vite][22m[39m [90m[2m(client)[22m[39m [32mhmr update [39m[2m/src/pages/landing.css[22m
[2m10:31:21 am[22m [36m[1m[vite][22m[39m [90m[2m(client)[22m[39m [32mhmr update [39m[2m/src/pages/landing.css[22m
[2m10:31:29 am[22m [36m[1m[vite][22m[39m [90m[2m(client)[22m[39m [32mhmr update [39m[2m/src/components/footer.css[22m
[2m10:19:01 am[22m [36m[1m[vite][22m[39m [90m[2m(client)[22m[39m [32mhmr update [39m[2m/src/styles/global.css, /src/components/ClassHeaderButtons.tsx[22m
[2m10:19:11 am[22m [36m[1m[vite][22m[39m [90m[2m(client)[22m[39m [32mhmr update [39m[2m/src/styles/global.css, /src/components/ClassHeaderButtons.tsx[22m
[2m10:19:25 am[22m [36m[1m[vite][22m[39m [90m[2m(client)[22m[39m [32mhmr update [39m[2m/src/pages/Classes.tsx, /src/styles/global.css[22m
[2m10:21:53 am[22m [36m[1m[vite][22m[39m [90m[2m(client)[22m[39m [32mhmr update [39m[2m/src/styles/global.css, /src/components/ClassHeaderButtons.tsx[22m
[2m10:44:18 am[22m [36m[1m[vite][22m[39m [90m[2m(client)[22m[39m [32mhmr update [39m[2m/src/styles/global.css, /src/hooks/useUser.tsx, /src/hooks/useTheme.tsx, /src/pages/Classes.tsx, /src/pages/Dashboard.tsx, /src/pages/ContactPage.tsx, /src/pages/FlashcardsHub.tsx, /src/pages/FlashcardsPage.tsx[22m
[2m10:44:18 am[22m [36m[1m[vite][22m[39m [90m[2m(client)[22m[39m [33mhmr invalidate [39m[2m/src/hooks/useUser.tsx[22m Could not Fast Refresh ("useUser" export is incompatible). Learn more at https://github.com/vitejs/vite-plugin-react/tree/main/packages/plugin-react#consistent-components-exports
[2m10:44:18 am[22m [36m[1m[vite][22m[39m [90m[2m(client)[22m[39m [32mhmr update [39m[2m/src/App.tsx, /src/components/TopBar.tsx[22m
[2m10:44:18 am[22m [36m[1m[vite][22m[39m [90m[2m(client)[22m[39m [33mhmr invalidate [39m[2m/src/hooks/useTheme.tsx[22m Could not Fast Refresh ("useTheme" export is incompatible). Learn more at https://github.com/vitejs/vite-plugin-react/tree/main/packages/plugin-react#consistent-components-exports
[2m10:44:18 am[22m [36m[1m[vite][22m[39m [90m[2m(client)[22m[39m [32mhmr update [39m[2m/src/App.tsx, /src/components/TopBar.tsx, /src/components/BrandLogo.tsx, /src/components/Navbar.tsx[22m
[2m10:44:25 am[22m [36m[1m[vite][22m[39m [90m[2m(client)[22m[39m [32mhmr update [39m[2m/src/styles/global.css, /src/hooks/useUser.tsx, /src/hooks/useTheme.tsx, /src/pages/Classes.tsx, /src/pages/Dashboard.tsx, /src/pages/ContactPage.tsx, /src/pages/FlashcardsHub.tsx, /src/pages/FlashcardsPage.tsx[22m
[2m10:44:26 am[22m [36m[1m[vite][22m[39m [90m[2m(client)[22m[39m [33mhmr invalidate [39m[2m/src/hooks/useUser.tsx[22m Could not Fast Refresh ("useUser" export is incompatible). Learn more at https://github.com/vitejs/vite-plugin-react/tree/main/packages/plugin-react#consistent-components-exports
[2m10:44:26 am[22m [36m[1m[vite][22m[39m [90m[2m(client)[22m[39m [32mhmr update [39m[2m/src/App.tsx, /src/components/TopBar.tsx[22m
[2m10:44:26 am[22m [36m[1m[vite][22m[39m [90m[2m(client)[22m[39m [33mhmr invalidate [39m[2m/src/hooks/useTheme.tsx[22m Could not Fast Refresh ("useTheme" export is incompatible). Learn more at https://github.com/vitejs/vite-plugin-react/tree/main/packages/plugin-react#consistent-components-exports
[2m10:44:26 am[22m [36m[1m[vite][22m[39m [90m[2m(client)[22m[39m [32mhmr update [39m[2m/src/App.tsx, /src/components/TopBar.tsx, /src/components/BrandLogo.tsx, /src/components/Navbar.tsx[22m
[2m10:45:14 am[22m [36m[1m[vite][22m[39m [90m[2m(client)[22m[39m [32mhmr update [39m[2m/src/styles/global.css[22m
[2m10:45:17 am[22m [36m[1m[vite][22m[39m [90m[2m(client)[22m[39m [32mhmr update [39m[2m/src/styles/global.css[22m
[2m10:45:53 am[22m [36m[1m[vite][22m[39m [90m[2m(client)[22m[39m [32mhmr update [39m[2m/src/styles/global.css[22m
[2m10:46:09 am[22m [36m[1m[vite][22m[39m [90m[2m(client)[22m[39m [32mhmr update [39m[2m/src/styles/global.css[22m
[2m10:46:20 am[22m [36m[1m[vite][22m[39m [90m[2m(client)[22m[39m [32mhmr update [39m[2m/src/styles/global.css[22m
[2m10:46:25 am[22m [36m[1m[vite][22m[39m [90m[2m(client)[22m[39m [32mhmr update [39m[2m/src/styles/global.css[22m
[2m10:46:29 am[22m [36m[1m[vite][22m[39m [90m[2m(client)[22m[39m [32mhmr update [39m[2m/src/styles/global.css[22m
[2m10:46:40 am[22m [36m[1m[vite][22m[39m [90m[2m(client)[22m[39m [32mhmr update [39m[2m/src/styles/global.css[22m
[2m10:46:57 am[22m [36m[1m[vite][22m[39m [90m[2m(client)[22m[39m [32mhmr update [39m[2m/src/styles/global.css[22m
[2m10:47:00 am[22m [36m[1m[vite][22m[39m [90m[2m(client)[22m[39m [32mhmr update [39m[2m/src/styles/global.css[22m
[2m10:47:16 am[22m [36m[1m[vite][22m[39m [90m[2m(client)[22m[39m [32mhmr update [39m[2m/src/styles/global.css[22m
[2m10:47:21 am[22m [36m[1m[vite][22m[39m [90m[2m(client)[22m[39m [32mhmr update [39m[2m/src/styles/global.css[22m
[2m10:47:30 am[22m [36m[1m[vite][22m[39m [90m[2m(client)[22m[39m [32mhmr update [39m[2m/src/styles/global.css[22m
[2m10:47:35 am[22m [36m[1m[vite][22m[39m [90m[2m(client)[22m[39m [32mhmr update [39m[2m/src/styles/global.css[22m
[2m10:47:40 am[22m [36m[1m[vite][22m[39m [90m[2m(client)[22m[39m [32mhmr update [39m[2m/src/styles/global.css[22m
[2m10:48:27 am[22m [36m[1m[vite][22m[39m [90m[2m(client)[22m[39m [32mhmr update [39m[2m/src/pages/Classes.tsx, /src/styles/global.css[22m
[2m10:54:33 am[22m [36m[1m[vite][22m[39m [90m[2m(client)[22m[39m [32mhmr update [39m[2m/src/styles/global.css, /src/hooks/useUser.tsx, /src/hooks/useTheme.tsx, /src/pages/Classes.tsx, /src/pages/Dashboard.tsx, /src/pages/ContactPage.tsx, /src/pages/FlashcardsHub.tsx, /src/pages/FlashcardsPage.tsx[22m
[2m10:54:33 am[22m [36m[1m[vite][22m[39m [90m[2m(client)[22m[39m [33mhmr invalidate [39m[2m/src/hooks/useUser.tsx[22m Could not Fast Refresh ("useUser" export is incompatible). Learn more at https://github.com/vitejs/vite-plugin-react/tree/main/packages/plugin-react#consistent-components-exports
[2m10:54:33 am[22m [36m[1m[vite][22m[39m [90m[2m(client)[22m[39m [32mhmr update [39m[2m/src/App.tsx, /src/components/TopBar.tsx[22m
[2m10:54:33 am[22m [36m[1m[vite][22m[39m [90m[2m(client)[22m[39m [33mhmr invalidate [39m[2m/src/hooks/useTheme.tsx[22m Could not Fast Refresh ("useTheme" export is incompatible). Learn more at https://github.com/vitejs/vite-plugin-react/tree/main/packages/plugin-react#consistent-components-exports
[2m10:54:33 am[22m [36m[1m[vite][22m[39m [90m[2m(client)[22m[39m [32mhmr update [39m[2m/src/App.tsx, /src/components/TopBar.tsx, /src/components/BrandLogo.tsx, /src/components/Navbar.tsx[22m
[2m10:56:37 am[22m [36m[1m[vite][22m[39m [90m[2m(client)[22m[39m [32mhmr update [39m[2m/src/styles/global.css, /src/components/chat/ChatInterface.tsx[22m
[2m10:56:44 am[22m [36m[1m[vite][22m[39m [90m[2m(client)[22m[39m [32mhmr update [39m[2m/src/styles/global.css, /src/components/chat/ChatInterface.tsx[22m
[2m4:26:57 pm[22m [36m[1m[vite][22m[39m [90m[2m(client)[22m[39m [32mhmr update [39m[2m/src/pages/Signup.tsx, /src/styles/global.css[22m
[2m4:26:57 pm[22m [36m[1m[vite][22m[39m [90m[2m(client)[22m[39m [32mhmr update [39m[2m/src/pages/Login.tsx, /src/styles/global.css[22m
[2m4:26:57 pm[22m [36m[1m[vite][22m[39m [90m[2m(client)[22m[39m [32mhmr update [39m[2m/src/styles/global.css[22m
[2m4:26:57 pm[22m [36m[1m[vite][22m[39m [90m[2m(client)[22m[39m [32mhmr update [39m[2m/src/styles/global.css[22m
[2m4:26:57 pm[22m [36m[1m[vite][22m[39m [90m[2m(client)[22m[39m [32mhmr update [39m[2m/src/styles/global.css[22m
[2m4:27:01 pm[22m [36m[1m[vite][22m[39m [90m[2m(client)[22m[39m [32mhmr update [39m[2m/src/pages/NotescapeStartPage.css[22m
[2m7:23:41 pm[22m [36m[1m[vite][22m[39m [90m[2m(client)[22m[39m [32mhmr update [39m[2m/src/styles/global.css, /src/hooks/useUser.tsx, /src/hooks/useTheme.tsx, /src/pages/Classes.tsx, /src/pages/Dashboard.tsx, /src/pages/ContactPage.tsx, /src/pages/FlashcardsHub.tsx, /src/pages/FlashcardsPage.tsx, /src/components/chat/ChatInterface.tsx[22m
[2m7:23:41 pm[22m [36m[1m[vite][22m[39m [90m[2m(client)[22m[39m [33mhmr invalidate [39m[2m/src/hooks/useUser.tsx[22m Could not Fast Refresh ("useUser" export is incompatible). Learn more at https://github.com/vitejs/vite-plugin-react/tree/main/packages/plugin-react#consistent-components-exports
[2m7:23:41 pm[22m [36m[1m[vite][22m[39m [90m[2m(client)[22m[39m [32mhmr update [39m[2m/src/App.tsx, /src/components/TopBar.tsx[22m
[2m7:23:41 pm[22m [36m[1m[vite][22m[39m [90m[2m(client)[22m[39m [33mhmr invalidate [39m[2m/src/hooks/useTheme.tsx[22m Could not Fast Refresh ("useTheme" export is incompatible). Learn more at https://github.com/vitejs/vite-plugin-react/tree/main/packages/plugin-react#consistent-components-exports
[2m7:23:41 pm[22m [36m[1m[vite][22m[39m [90m[2m(client)[22m[39m [32mhmr update [39m[2m/src/App.tsx, /src/components/TopBar.tsx, /src/components/BrandLogo.tsx, /src/components/Navbar.tsx[22m
[2m7:23:51 pm[22m [36m[1m[vite][22m[39m [90m[2m(client)[22m[39m [32mhmr update [39m[2m/src/styles/global.css, /src/hooks/useUser.tsx, /src/hooks/useTheme.tsx, /src/pages/Classes.tsx, /src/pages/Dashboard.tsx, /src/pages/ContactPage.tsx, /src/pages/FlashcardsHub.tsx, /src/pages/FlashcardsPage.tsx, /src/components/chat/ChatInterface.tsx[22m
[2m7:23:51 pm[22m [36m[1m[vite][22m[39m [90m[2m(client)[22m[39m [33mhmr invalidate [39m[2m/src/hooks/useUser.tsx[22m Could not Fast Refresh ("useUser" export is incompatible). Learn more at https://github.com/vitejs/vite-plugin-react/tree/main/packages/plugin-react#consistent-components-exports
[2m7:23:51 pm[22m [36m[1m[vite][22m[39m [90m[2m(client)[22m[39m [32mhmr update [39m[2m/src/App.tsx, /src/components/TopBar.tsx[22m
[2m7:23:51 pm[22m [36m[1m[vite][22m[39m [90m[2m(client)[22m[39m [33mhmr invalidate [39m[2m/src/hooks/useTheme.tsx[22m Could not Fast Refresh ("useTheme" export is incompatible). Learn more at https://github.com/vitejs/vite-plugin-react/tree/main/packages/plugin-react#consistent-components-exports
[2m7:23:51 pm[22m [36m[1m[vite][22m[39m [90m[2m(client)[22m[39m [32mhmr update [39m[2m/src/App.tsx, /src/components/TopBar.tsx, /src/components/BrandLogo.tsx, /src/components/Navbar.tsx[22m
[2m7:24:36 pm[22m [36m[1m[vite][22m[39m [90m[2m(client)[22m[39m [32mhmr update [39m[2m/src/pages/Classes.tsx, /src/styles/global.css[22m
[2m7:24:43 pm[22m [36m[1m[vite][22m[39m [90m[2m(client)[22m[39m [32mhmr update [39m[2m/src/pages/Classes.tsx, /src/styles/global.css[22m
[2m7:24:51 pm[22m [36m[1m[vite][22m[39m [90m[2m(client)[22m[39m [32mhmr update [39m[2m/src/pages/Classes.tsx, /src/styles/global.css[22m
[2m7:25:07 pm[22m [36m[1m[vite][22m[39m [90m[2m(client)[22m[39m [32mhmr update [39m[2m/src/pages/Classes.tsx, /src/styles/global.css[22m
[2m7:25:24 pm[22m [36m[1m[vite][22m[39m [90m[2m(client)[22m[39m [32mhmr update [39m[2m/src/styles/global.css[22m
[2m7:25:37 pm[22m [36m[1m[vite][22m[39m [90m[2m(client)[22m[39m [32mhmr update [39m[2m/src/styles/global.css[22m
[2m7:30:29 pm[22m [36m[1m[vite][22m[39m [90m[2m(client)[22m[39m [32mhmr update [39m[2m/src/styles/global.css[22m
[2m7:34:34 pm[22m [36m[1m[vite][22m[39m [90m[2m(client)[22m[39m [32mhmr update [39m[2m/src/styles/global.css, /src/hooks/useUser.tsx, /src/hooks/useTheme.tsx, /src/pages/Classes.tsx, /src/pages/Dashboard.tsx, /src/pages/ContactPage.tsx, /src/pages/FlashcardsHub.tsx, /src/pages/FlashcardsPage.tsx, /src/components/chat/ChatInterface.tsx[22m
[2m7:34:34 pm[22m [36m[1m[vite][22m[39m [90m[2m(client)[22m[39m [33mhmr invalidate [39m[2m/src/hooks/useUser.tsx[22m Could not Fast Refresh ("useUser" export is incompatible). Learn more at https://github.com/vitejs/vite-plugin-react/tree/main/packages/plugin-react#consistent-components-exports
[2m7:34:34 pm[22m [36m[1m[vite][22m[39m [90m[2m(client)[22m[39m [32mhmr update [39m[2m/src/App.tsx, /src/components/TopBar.tsx[22m
[2m7:34:34 pm[22m [36m[1m[vite][22m[39m [90m[2m(client)[22m[39m [33mhmr invalidate [39m[2m/src/hooks/useTheme.tsx[22m Could not Fast Refresh ("useTheme" export is incompatible). Learn more at https://github.com/vitejs/vite-plugin-react/tree/main/packages/plugin-react#consistent-components-exports
[2m7:34:34 pm[22m [36m[1m[vite][22m[39m [90m[2m(client)[22m[39m [32mhmr update [39m[2m/src/App.tsx, /src/components/TopBar.tsx, /src/components/BrandLogo.tsx, /src/components/Navbar.tsx[22m
[2m7:34:41 pm[22m [36m[1m[vite][22m[39m [90m[2m(client)[22m[39m [32mhmr update [39m[2m/src/styles/global.css[22m
[2m7:34:52 pm[22m [36m[1m[vite][22m[39m [90m[2m(client)[22m[39m [32mhmr update [39m[2m/src/styles/global.css[22m
[2m7:46:22 pm[22m [36m[1m[vite][22m[39m [90m[2m(client)[22m[39m [32mhmr update [39m[2m/src/styles/global.css, /src/hooks/useUser.tsx, /src/hooks/useTheme.tsx, /src/pages/Classes.tsx, /src/pages/Dashboard.tsx, /src/pages/ContactPage.tsx, /src/pages/FlashcardsHub.tsx, /src/pages/FlashcardsPage.tsx, /src/components/chat/ChatInterface.tsx, /src/pages/FlashcardsStudyMode.tsx[22m
[2m7:46:23 pm[22m [36m[1m[vite][22m[39m [90m[2m(client)[22m[39m [33mhmr invalidate [39m[2m/src/hooks/useUser.tsx[22m Could not Fast Refresh ("useUser" export is incompatible). Learn more at https://github.com/vitejs/vite-plugin-react/tree/main/packages/plugin-react#consistent-components-exports
[2m7:46:23 pm[22m [36m[1m[vite][22m[39m [90m[2m(client)[22m[39m [32mhmr update [39m[2m/src/App.tsx, /src/components/TopBar.tsx[22m
[2m7:46:23 pm[22m [36m[1m[vite][22m[39m [90m[2m(client)[22m[39m [33mhmr invalidate [39m[2m/src/hooks/useTheme.tsx[22m Could not Fast Refresh ("useTheme" export is incompatible). Learn more at https://github.com/vitejs/vite-plugin-react/tree/main/packages/plugin-react#consistent-components-exports
[2m7:46:23 pm[22m [36m[1m[vite][22m[39m [90m[2m(client)[22m[39m [32mhmr update [39m[2m/src/App.tsx, /src/components/TopBar.tsx, /src/components/BrandLogo.tsx, /src/components/Navbar.tsx[22m
[2m7:46:38 pm[22m [36m[1m[vite][22m[39m [90m[2m(client)[22m[39m [32mhmr update [39m[2m/src/styles/global.css[22m
[2m7:46:45 pm[22m [36m[1m[vite][22m[39m [90m[2m(client)[22m[39m [32mhmr update [39m[2m/src/styles/global.css[22m
[2m7:46:57 pm[22m [36m[1m[vite][22m[39m [90m[2m(client)[22m[39m [32mhmr update [39m[2m/src/styles/global.css[22m
[2m7:47:05 pm[22m [36m[1m[vite][22m[39m [90m[2m(client)[22m[39m [32mhmr update [39m[2m/src/styles/global.css[22m
[2m7:47:20 pm[22m [36m[1m[vite][22m[39m [90m[2m(client)[22m[39m [32mhmr update [39m[2m/src/pages/Classes.tsx, /src/styles/global.css[22m
[2m7:47:26 pm[22m [36m[1m[vite][22m[39m [90m[2m(client)[22m[39m [32mhmr update [39m[2m/src/pages/Classes.tsx, /src/styles/global.css[22m
[2m7:47:43 pm[22m [36m[1m[vite][22m[39m [90m[2m(client)[22m[39m [32mhmr update [39m[2m/src/styles/global.css[22m
[2m9:31:17 pm[22m [36m[1m[vite][22m[39m [90m[2m(client)[22m[39m [32mhmr update [39m[2m/src/styles/global.css, /src/hooks/useUser.tsx, /src/hooks/useTheme.tsx, /src/pages/Classes.tsx, /src/pages/Dashboard.tsx, /src/pages/ContactPage.tsx, /src/pages/FlashcardsHub.tsx, /src/pages/FlashcardsPage.tsx, /src/components/chat/ChatInterface.tsx, /src/pages/FlashcardsStudyMode.tsx, /src/pages/quizzes/QuizzesPage.tsx, /src/components/QuizPanel.tsx[22m
[2m9:31:17 pm[22m [36m[1m[vite][22m[39m [90m[2m(client)[22m[39m [33mhmr invalidate [39m[2m/src/hooks/useUser.tsx[22m Could not Fast Refresh ("useUser" export is incompatible). Learn more at https://github.com/vitejs/vite-plugin-react/tree/main/packages/plugin-react#consistent-components-exports
[2m9:31:17 pm[22m [36m[1m[vite][22m[39m [90m[2m(client)[22m[39m [32mhmr update [39m[2m/src/App.tsx, /src/components/TopBar.tsx[22m
[2m9:31:17 pm[22m [36m[1m[vite][22m[39m [90m[2m(client)[22m[39m [33mhmr invalidate [39m[2m/src/hooks/useTheme.tsx[22m Could not Fast Refresh ("useTheme" export is incompatible). Learn more at https://github.com/vitejs/vite-plugin-react/tree/main/packages/plugin-react#consistent-components-exports
[2m9:31:17 pm[22m [36m[1m[vite][22m[39m [90m[2m(client)[22m[39m [32mhmr update [39m[2m/src/App.tsx, /src/components/TopBar.tsx, /src/components/BrandLogo.tsx, /src/components/Navbar.tsx[22m
[2m9:31:29 pm[22m [36m[1m[vite][22m[39m [90m[2m(client)[22m[39m [32mhmr update [39m[2m/src/styles/global.css, /src/hooks/useUser.tsx, /src/hooks/useTheme.tsx, /src/pages/Classes.tsx, /src/pages/Dashboard.tsx, /src/pages/ContactPage.tsx, /src/pages/FlashcardsHub.tsx, /src/pages/FlashcardsPage.tsx, /src/components/chat/ChatInterface.tsx, /src/pages/FlashcardsStudyMode.tsx, /src/pages/quizzes/QuizzesPage.tsx, /src/components/QuizPanel.tsx[22m
[2m9:31:30 pm[22m [36m[1m[vite][22m[39m [90m[2m(client)[22m[39m [33mhmr invalidate [39m[2m/src/hooks/useUser.tsx[22m Could not Fast Refresh ("useUser" export is incompatible). Learn more at https://github.com/vitejs/vite-plugin-react/tree/main/packages/plugin-react#consistent-components-exports
[2m9:31:30 pm[22m [36m[1m[vite][22m[39m [90m[2m(client)[22m[39m [32mhmr update [39m[2m/src/App.tsx, /src/components/TopBar.tsx[22m
[2m9:31:30 pm[22m [36m[1m[vite][22m[39m [90m[2m(client)[22m[39m [33mhmr invalidate [39m[2m/src/hooks/useTheme.tsx[22m Could not Fast Refresh ("useTheme" export is incompatible). Learn more at https://github.com/vitejs/vite-plugin-react/tree/main/packages/plugin-react#consistent-components-exports
[2m9:31:30 pm[22m [36m[1m[vite][22m[39m [90m[2m(client)[22m[39m [32mhmr update [39m[2m/src/App.tsx, /src/components/TopBar.tsx, /src/components/BrandLogo.tsx, /src/components/Navbar.tsx[22m
[2m9:31:35 pm[22m [36m[1m[vite][22m[39m [90m[2m(client)[22m[39m [32mhmr update [39m[2m/src/pages/Classes.tsx, /src/styles/global.css[22m
[2m9:31:43 pm[22m [36m[1m[vite][22m[39m [90m[2m(client)[22m[39m [32mhmr update [39m[2m/src/pages/Classes.tsx, /src/styles/global.css[22m
[2m9:31:49 pm[22m [36m[1m[vite][22m[39m [90m[2m(client)[22m[39m [32mhmr update [39m[2m/src/pages/Classes.tsx, /src/styles/global.css[22m
[2m9:32:06 pm[22m [36m[1m[vite][22m[39m [90m[2m(client)[22m[39m [32mhmr update [39m[2m/src/pages/Classes.tsx, /src/styles/global.css[22m
[2m9:32:24 pm[22m [36m[1m[vite][22m[39m [90m[2m(client)[22m[39m [32mhmr update [39m[2m/src/pages/Classes.tsx, /src/styles/global.css[22m
[2m9:32:36 pm[22m [36m[1m[vite][22m[39m [90m[2m(client)[22m[39m [32mhmr update [39m[2m/src/pages/Classes.tsx, /src/styles/global.css[22m
[2m9:32:50 pm[22m [36m[1m[vite][22m[39m [90m[2m(client)[22m[39m [32mhmr update [39m[2m/src/pages/Classes.tsx, /src/styles/global.css[22m
[2m9:33:27 pm[22m [36m[1m[vite][22m[39m [90m[2m(client)[22m[39m [32mhmr update [39m[2m/src/pages/Classes.tsx, /src/styles/global.css[22m
[2m9:33:34 pm[22m [36m[1m[vite][22m[39m [90m[2m(client)[22m[39m [32mhmr update [39m[2m/src/pages/Classes.tsx, /src/styles/global.css[22m
[2m9:33:39 pm[22m [36m[1m[vite][22m[39m [90m[2m(client)[22m[39m [32mhmr update [39m[2m/src/pages/Classes.tsx, /src/styles/global.css[22m
[2m10:36:15 am[22m [36m[1m[vite][22m[39m [90m[2m(client)[22m[39m [32mhmr update [39m[2m/src/styles/global.css, /src/hooks/useUser.tsx, /src/hooks/useTheme.tsx, /src/pages/Classes.tsx, /src/pages/Dashboard.tsx, /src/pages/ContactPage.tsx, /src/pages/FlashcardsHub.tsx, /src/pages/FlashcardsPage.tsx, /src/components/chat/ChatInterface.tsx, /src/pages/FlashcardsStudyMode.tsx, /src/pages/quizzes/QuizzesPage.tsx, /src/components/QuizPanel.tsx[22m
[2m10:36:16 am[22m [36m[1m[vite][22m[39m [90m[2m(client)[22m[39m [33mhmr invalidate [39m[2m/src/hooks/useUser.tsx[22m Could not Fast Refresh ("useUser" export is incompatible). Learn more at https://github.com/vitejs/vite-plugin-react/tree/main/packages/plugin-react#consistent-components-exports
[2m10:36:16 am[22m [36m[1m[vite][22m[39m [90m[2m(client)[22m[39m [32mhmr update [39m[2m/src/App.tsx, /src/components/TopBar.tsx[22m
[2m10:36:16 am[22m [36m[1m[vite][22m[39m [90m[2m(client)[22m[39m [33mhmr invalidate [39m[2m/src/hooks/useTheme.tsx[22m Could not Fast Refresh ("useTheme" export is incompatible). Learn more at https://github.com/vitejs/vite-plugin-react/tree/main/packages/plugin-react#consistent-components-exports
[2m10:36:16 am[22m [36m[1m[vite][22m[39m [90m[2m(client)[22m[39m [32mhmr update [39m[2m/src/App.tsx, /src/components/TopBar.tsx, /src/components/BrandLogo.tsx, /src/components/Navbar.tsx[22m
[2m10:36:25 am[22m [36m[1m[vite][22m[39m [90m[2m(client)[22m[39m [32mhmr update [39m[2m/src/styles/global.css, /src/hooks/useUser.tsx, /src/hooks/useTheme.tsx, /src/pages/Classes.tsx, /src/pages/Dashboard.tsx, /src/pages/ContactPage.tsx, /src/pages/FlashcardsHub.tsx, /src/pages/FlashcardsPage.tsx, /src/components/chat/ChatInterface.tsx, /src/pages/FlashcardsStudyMode.tsx, /src/pages/quizzes/QuizzesPage.tsx, /src/components/QuizPanel.tsx[22m
[2m10:36:26 am[22m [36m[1m[vite][22m[39m [90m[2m(client)[22m[39m [33mhmr invalidate [39m[2m/src/hooks/useUser.tsx[22m Could not Fast Refresh ("useUser" export is incompatible). Learn more at https://github.com/vitejs/vite-plugin-react/tree/main/packages/plugin-react#consistent-components-exports
[2m10:36:26 am[22m [36m[1m[vite][22m[39m [90m[2m(client)[22m[39m [32mhmr update [39m[2m/src/App.tsx, /src/components/TopBar.tsx[22m
[2m10:36:26 am[22m [36m[1m[vite][22m[39m [90m[2m(client)[22m[39m [33mhmr invalidate [39m[2m/src/hooks/useTheme.tsx[22m Could not Fast Refresh ("useTheme" export is incompatible). Learn more at https://github.com/vitejs/vite-plugin-react/tree/main/packages/plugin-react#consistent-components-exports
[2m10:36:26 am[22m [36m[1m[vite][22m[39m [90m[2m(client)[22m[39m [32mhmr update [39m[2m/src/App.tsx, /src/components/TopBar.tsx, /src/components/BrandLogo.tsx, /src/components/Navbar.tsx[22m
[2m10:36:36 am[22m [36m[1m[vite][22m[39m [90m[2m(client)[22m[39m [32mhmr update [39m[2m/src/styles/global.css, /src/hooks/useUser.tsx, /src/hooks/useTheme.tsx, /src/pages/Classes.tsx, /src/pages/Dashboard.tsx, /src/pages/ContactPage.tsx, /src/pages/FlashcardsHub.tsx, /src/pages/FlashcardsPage.tsx, /src/components/chat/ChatInterface.tsx, /src/pages/FlashcardsStudyMode.tsx, /src/pages/quizzes/QuizzesPage.tsx, /src/components/QuizPanel.tsx[22m
[2m10:36:36 am[22m [36m[1m[vite][22m[39m [90m[2m(client)[22m[39m [33mhmr invalidate [39m[2m/src/hooks/useUser.tsx[22m Could not Fast Refresh ("useUser" export is incompatible). Learn more at https://github.com/vitejs/vite-plugin-react/tree/main/packages/plugin-react#consistent-components-exports
[2m10:36:36 am[22m [36m[1m[vite][22m[39m [90m[2m(client)[22m[39m [32mhmr update [39m[2m/src/App.tsx, /src/components/TopBar.tsx[22m
[2m10:36:36 am[22m [36m[1m[vite][22m[39m [90m[2m(client)[22m[39m [33mhmr invalidate [39m[2m/src/hooks/useTheme.tsx[22m Could not Fast Refresh ("useTheme" export is incompatible). Learn more at https://github.com/vitejs/vite-plugin-react/tree/main/packages/plugin-react#consistent-components-exports
[2m10:36:36 am[22m [36m[1m[vite][22m[39m [90m[2m(client)[22m[39m [32mhmr update [39m[2m/src/App.tsx, /src/components/TopBar.tsx, /src/components/BrandLogo.tsx, /src/components/Navbar.tsx[22m
[2m10:36:48 am[22m [36m[1m[vite][22m[39m [90m[2m(client)[22m[39m [32mhmr update [39m[2m/src/styles/global.css, /src/hooks/useUser.tsx, /src/hooks/useTheme.tsx, /src/pages/Classes.tsx, /src/pages/Dashboard.tsx, /src/pages/ContactPage.tsx, /src/pages/FlashcardsHub.tsx, /src/pages/FlashcardsPage.tsx, /src/components/chat/ChatInterface.tsx, /src/pages/FlashcardsStudyMode.tsx, /src/pages/quizzes/QuizzesPage.tsx, /src/components/QuizPanel.tsx[22m
[2m10:36:48 am[22m [36m[1m[vite][22m[39m [90m[2m(client)[22m[39m [33mhmr invalidate [39m[2m/src/hooks/useUser.tsx[22m Could not Fast Refresh ("useUser" export is incompatible). Learn more at https://github.com/vitejs/vite-plugin-react/tree/main/packages/plugin-react#consistent-components-exports
[2m10:36:48 am[22m [36m[1m[vite][22m[39m [90m[2m(client)[22m[39m [32mhmr update [39m[2m/src/App.tsx, /src/components/TopBar.tsx[22m
[2m10:36:48 am[22m [36m[1m[vite][22m[39m [90m[2m(client)[22m[39m [33mhmr invalidate [39m[2m/src/hooks/useTheme.tsx[22m Could not Fast Refresh ("useTheme" export is incompatible). Learn more at https://github.com/vitejs/vite-plugin-react/tree/main/packages/plugin-react#consistent-components-exports
[2m10:36:48 am[22m [36m[1m[vite][22m[39m [90m[2m(client)[22m[39m [32mhmr update [39m[2m/src/App.tsx, /src/components/TopBar.tsx, /src/components/BrandLogo.tsx, /src/components/Navbar.tsx[22m
[2m10:37:00 am[22m [36m[1m[vite][22m[39m [90m[2m(client)[22m[39m [32mhmr update [39m[2m/src/styles/global.css, /src/hooks/useUser.tsx, /src/hooks/useTheme.tsx, /src/pages/Classes.tsx, /src/pages/Dashboard.tsx, /src/pages/ContactPage.tsx, /src/pages/FlashcardsHub.tsx, /src/pages/FlashcardsPage.tsx, /src/components/chat/ChatInterface.tsx, /src/pages/FlashcardsStudyMode.tsx, /src/pages/quizzes/QuizzesPage.tsx, /src/components/QuizPanel.tsx[22m
[2m10:37:00 am[22m [36m[1m[vite][22m[39m [90m[2m(client)[22m[39m [33mhmr invalidate [39m[2m/src/hooks/useUser.tsx[22m Could not Fast Refresh ("useUser" export is incompatible). Learn more at https://github.com/vitejs/vite-plugin-react/tree/main/packages/plugin-react#consistent-components-exports
[2m10:37:00 am[22m [36m[1m[vite][22m[39m [90m[2m(client)[22m[39m [32mhmr update [39m[2m/src/App.tsx, /src/components/TopBar.tsx[22m
[2m10:37:00 am[22m [36m[1m[vite][22m[39m [90m[2m(client)[22m[39m [33mhmr invalidate [39m[2m/src/hooks/useTheme.tsx[22m Could not Fast Refresh ("useTheme" export is incompatible). Learn more at https://github.com/vitejs/vite-plugin-react/tree/main/packages/plugin-react#consistent-components-exports
[2m10:37:00 am[22m [36m[1m[vite][22m[39m [90m[2m(client)[22m[39m [32mhmr update [39m[2m/src/App.tsx, /src/components/TopBar.tsx, /src/components/BrandLogo.tsx, /src/components/Navbar.tsx[22m
[2m10:38:05 am[22m [36m[1m[vite][22m[39m [90m[2m(client)[22m[39m [32mhmr update [39m[2m/src/App.tsx, /src/styles/global.css[22m
[2m10:38:09 am[22m [36m[1m[vite][22m[39m [90m[2m(client)[22m[39m [32mhmr update [39m[2m/src/styles/global.css, /src/components/AppSidebar.tsx[22m
[2m10:38:15 am[22m [36m[1m[vite][22m[39m [90m[2m(client)[22m[39m [32mhmr update [39m[2m/src/styles/global.css, /src/components/AppSidebar.tsx[22m
[2m10:38:22 am[22m [36m[1m[vite][22m[39m [90m[2m(client)[22m[39m [32mhmr update [39m[2m/src/pages/Dashboard.tsx, /src/styles/global.css[22m
[2m10:38:33 am[22m [36m[1m[vite][22m[39m [90m[2m(client)[22m[39m [32mhmr update [39m[2m/src/pages/Dashboard.tsx, /src/styles/global.css[22m
[2m10:38:47 am[22m [36m[1m[vite][22m[39m [90m[2m(client)[22m[39m [32mhmr update [39m[2m/src/pages/Dashboard.tsx, /src/styles/global.css[22m
[2m10:38:52 am[22m [36m[1m[vite][22m[39m [90m[2m(client)[22m[39m [32mhmr update [39m[2m/src/pages/Dashboard.tsx, /src/styles/global.css[22m
[2m10:38:59 am[22m [36m[1m[vite][22m[39m [90m[2m(client)[22m[39m [32mhmr update [39m[2m/src/pages/Dashboard.tsx, /src/styles/global.css[22m
[2m10:39:14 am[22m [36m[1m[vite][22m[39m [90m[2m(client)[22m[39m [32mhmr update [39m[2m/src/pages/Dashboard.tsx, /src/styles/global.css[22m
[2m10:39:22 am[22m [36m[1m[vite][22m[39m [90m[2m(client)[22m[39m [32mhmr update [39m[2m/src/pages/Dashboard.tsx, /src/styles/global.css[22m
[2m10:39:28 am[22m [36m[1m[vite][22m[39m [90m[2m(client)[22m[39m [32mhmr update [39m[2m/src/pages/Dashboard.tsx, /src/styles/global.css[22m
[2m10:39:59 am[22m [36m[1m[vite][22m[39m [90m[2m(client)[22m[39m [32mhmr update [39m[2m/src/pages/Dashboard.tsx, /src/styles/global.css[22m
[2m10:40:29 am[22m [36m[1m[vite][22m[39m [90m[2m(client)[22m[39m [32mhmr update [39m[2m/src/styles/global.css, /src/hooks/useUser.tsx, /src/hooks/useTheme.tsx, /src/pages/Classes.tsx, /src/pages/Dashboard.tsx, /src/pages/ContactPage.tsx, /src/pages/FlashcardsHub.tsx, /src/pages/FlashcardsPage.tsx, /src/components/chat/ChatInterface.tsx, /src/pages/FlashcardsStudyMode.tsx, /src/pages/quizzes/QuizzesPage.tsx, /src/components/QuizPanel.tsx[22m
[2m10:40:29 am[22m [36m[1m[vite][22m[39m [90m[2m(client)[22m[39m [33mhmr invalidate [39m[2m/src/hooks/useUser.tsx[22m Could not Fast Refresh ("useUser" export is incompatible). Learn more at https://github.com/vitejs/vite-plugin-react/tree/main/packages/plugin-react#consistent-components-exports
[2m10:40:29 am[22m [36m[1m[vite][22m[39m [90m[2m(client)[22m[39m [32mhmr update [39m[2m/src/App.tsx, /src/components/TopBar.tsx[22m
[2m10:40:29 am[22m [36m[1m[vite][22m[39m [90m[2m(client)[22m[39m [33mhmr invalidate [39m[2m/src/hooks/useTheme.tsx[22m Could not Fast Refresh ("useTheme" export is incompatible). Learn more at https://github.com/vitejs/vite-plugin-react/tree/main/packages/plugin-react#consistent-components-exports
[2m10:40:29 am[22m [36m[1m[vite][22m[39m [90m[2m(client)[22m[39m [32mhmr update [39m[2m/src/App.tsx, /src/components/TopBar.tsx, /src/components/BrandLogo.tsx, /src/components/Navbar.tsx[22m
[2m10:54:56 am[22m [36m[1m[vite][22m[39m [90m[2m(client)[22m[39m [32mhmr update [39m[2m/src/styles/global.css, /src/hooks/useUser.tsx, /src/hooks/useTheme.tsx, /src/pages/Classes.tsx, /src/pages/Dashboard.tsx, /src/pages/ContactPage.tsx, /src/pages/FlashcardsHub.tsx, /src/pages/FlashcardsPage.tsx, /src/components/chat/ChatInterface.tsx, /src/pages/FlashcardsStudyMode.tsx, /src/pages/quizzes/QuizzesPage.tsx, /src/components/QuizPanel.tsx[22m
[2m10:54:56 am[22m [36m[1m[vite][22m[39m [90m[2m(client)[22m[39m [33mhmr invalidate [39m[2m/src/hooks/useUser.tsx[22m Could not Fast Refresh ("useUser" export is incompatible). Learn more at https://github.com/vitejs/vite-plugin-react/tree/main/packages/plugin-react#consistent-components-exports
[2m10:54:56 am[22m [36m[1m[vite][22m[39m [90m[2m(client)[22m[39m [32mhmr update [39m[2m/src/App.tsx, /src/components/TopBar.tsx[22m
[2m10:54:56 am[22m [36m[1m[vite][22m[39m [90m[2m(client)[22m[39m [33mhmr invalidate [39m[2m/src/hooks/useTheme.tsx[22m Could not Fast Refresh ("useTheme" export is incompatible). Learn more at https://github.com/vitejs/vite-plugin-react/tree/main/packages/plugin-react#consistent-components-exports
[2m10:54:56 am[22m [36m[1m[vite][22m[39m [90m[2m(client)[22m[39m [32mhmr update [39m[2m/src/App.tsx, /src/components/TopBar.tsx, /src/components/BrandLogo.tsx, /src/components/Navbar.tsx[22m
[2m10:55:08 am[22m [36m[1m[vite][22m[39m [90m[2m(client)[22m[39m [32mhmr update [39m[2m/src/styles/global.css, /src/hooks/useUser.tsx, /src/hooks/useTheme.tsx, /src/pages/Classes.tsx, /src/pages/Dashboard.tsx, /src/pages/ContactPage.tsx, /src/pages/FlashcardsHub.tsx, /src/pages/FlashcardsPage.tsx, /src/components/chat/ChatInterface.tsx, /src/pages/FlashcardsStudyMode.tsx, /src/pages/quizzes/QuizzesPage.tsx, /src/components/QuizPanel.tsx[22m
[2m10:55:08 am[22m [36m[1m[vite][22m[39m [90m[2m(client)[22m[39m [33mhmr invalidate [39m[2m/src/hooks/useUser.tsx[22m Could not Fast Refresh ("useUser" export is incompatible). Learn more at https://github.com/vitejs/vite-plugin-react/tree/main/packages/plugin-react#consistent-components-exports
[2m10:55:08 am[22m [36m[1m[vite][22m[39m [90m[2m(client)[22m[39m [32mhmr update [39m[2m/src/App.tsx, /src/components/TopBar.tsx[22m
[2m10:55:08 am[22m [36m[1m[vite][22m[39m [90m[2m(client)[22m[39m [33mhmr invalidate [39m[2m/src/hooks/useTheme.tsx[22m Could not Fast Refresh ("useTheme" export is incompatible). Learn more at https://github.com/vitejs/vite-plugin-react/tree/main/packages/plugin-react#consistent-components-exports
[2m10:55:08 am[22m [36m[1m[vite][22m[39m [90m[2m(client)[22m[39m [32mhmr update [39m[2m/src/App.tsx, /src/components/TopBar.tsx, /src/components/BrandLogo.tsx, /src/components/Navbar.tsx[22m
[2m10:55:58 am[22m [36m[1m[vite][22m[39m [90m[2m(client)[22m[39m [32mhmr update [39m[2m/src/pages/Classes.tsx, /src/styles/global.css[22m
[2m10:56:02 am[22m [36m[1m[vite][22m[39m [90m[2m(client)[22m[39m [32mhmr update [39m[2m/src/pages/Classes.tsx, /src/styles/global.css[22m
[2m10:56:08 am[22m [36m[1m[vite][22m[39m [90m[2m(client)[22m[39m [32mhmr update [39m[2m/src/pages/Classes.tsx, /src/styles/global.css[22m
[2m10:56:15 am[22m [36m[1m[vite][22m[39m [90m[2m(client)[22m[39m [32mhmr update [39m[2m/src/pages/Classes.tsx, /src/styles/global.css[22m
[2m10:56:34 am[22m [36m[1m[vite][22m[39m [90m[2m(client)[22m[39m [32mhmr update [39m[2m/src/pages/Classes.tsx, /src/styles/global.css[22m
[2m10:56:39 am[22m [36m[1m[vite][22m[39m [90m[2m(client)[22m[39m [32mhmr update [39m[2m/src/pages/Classes.tsx, /src/styles/global.css[22m
[2m10:56:54 am[22m [36m[1m[vite][22m[39m [90m[2m(client)[22m[39m [32mhmr update [39m[2m/src/pages/Classes.tsx, /src/styles/global.css[22m
[2m10:56:55 am[22m [36m[1m[vite][22m[39m [90m[2m(client)[22m[39m [32mhmr update [39m[2m/src/pages/Classes.tsx, /src/styles/global.css[22m
[2m10:57:07 am[22m [36m[1m[vite][22m[39m [90m[2m(client)[22m[39m [32mhmr update [39m[2m/src/pages/Classes.tsx, /src/styles/global.css[22m
[2m10:57:12 am[22m [36m[1m[vite][22m[39m [90m[2m(client)[22m[39m [32mhmr update [39m[2m/src/pages/Classes.tsx, /src/styles/global.css[22m
[2m10:57:22 am[22m [36m[1m[vite][22m[39m [90m[2m(client)[22m[39m [32mhmr update [39m[2m/src/pages/Classes.tsx, /src/styles/global.css[22m
[2m10:57:33 am[22m [36m[1m[vite][22m[39m [90m[2m(client)[22m[39m [32mhmr update [39m[2m/src/pages/Classes.tsx, /src/styles/global.css[22m
[2m10:57:42 am[22m [36m[1m[vite][22m[39m [90m[2m(client)[22m[39m [32mhmr update [39m[2m/src/pages/Classes.tsx, /src/styles/global.css[22m
[2m10:57:43 am[22m [36m[1m[vite][22m[39m [90m[2m(client)[22m[39m [32mhmr update [39m[2m/src/pages/Classes.tsx, /src/styles/global.css[22m
[2m10:57:44 am[22m [36m[1m[vite][22m[39m [90m[2m(client)[22m[39m [32mhmr update [39m[2m/src/pages/Classes.tsx, /src/styles/global.css[22m
[2m10:57:46 am[22m [36m[1m[vite][22m[39m [90m[2m(client)[22m[39m [32mhmr update [39m[2m/src/pages/Classes.tsx, /src/styles/global.css[22m
[2m10:58:02 am[22m [36m[1m[vite][22m[39m [90m[2m(client)[22m[39m [32mhmr update [39m[2m/src/pages/Classes.tsx, /src/styles/global.css[22m
[2m10:58:03 am[22m [36m[1m[vite][22m[39m [90m[2m(client)[22m[39m [32mhmr update [39m[2m/src/pages/Classes.tsx, /src/styles/global.css[22m
[2m10:58:04 am[22m [36m[1m[vite][22m[39m [90m[2m(client)[22m[39m [32mhmr update [39m[2m/src/pages/Classes.tsx, /src/styles/global.css[22m
[2m10:58:05 am[22m [36m[1m[vite][22m[39m [90m[2m(client)[22m[39m [32mhmr update [39m[2m/src/pages/Classes.tsx, /src/styles/global.css[22m
[2m10:58:07 am[22m [36m[1m[vite][22m[39m [90m[2m(client)[22m[39m [32mhmr update [39m[2m/src/pages/Classes.tsx, /src/styles/global.css[22m
[2m10:58:09 am[22m [36m[1m[vite][22m[39m [90m[2m(client)[22m[39m [32mhmr update [39m[2m/src/pages/Classes.tsx, /src/styles/global.css[22m
[2m10:58:10 am[22m [36m[1m[vite][22m[39m [90m[2m(client)[22m[39m [32mhmr update [39m[2m/src/pages/Classes.tsx, /src/styles/global.css[22m
[2m10:58:11 am[22m [36m[1m[vite][22m[39m [90m[2m(client)[22m[39m [32mhmr update [39m[2m/src/pages/Classes.tsx, /src/styles/global.css[22m
[2m10:58:12 am[22m [36m[1m[vite][22m[39m [90m[2m(client)[22m[39m [32mhmr update [39m[2m/src/pages/Classes.tsx, /src/styles/global.css[22m
[2m12:41:25 pm[22m [36m[1m[vite][22m[39m [90m[2m(client)[22m[39m [32mhmr update [39m[2m/src/styles/global.css, /src/components/PdfStudyViewer.tsx[22m
[2m12:41:28 pm[22m [36m[1m[vite][22m[39m [90m[2m(client)[22m[39m [32mhmr update [39m[2m/src/styles/global.css, /src/components/PdfStudyViewer.tsx[22m
[2m12:41:35 pm[22m [36m[1m[vite][22m[39m [90m[2m(client)[22m[39m [32mhmr update [39m[2m/src/styles/global.css, /src/components/PdfStudyViewer.tsx[22m
[2m1:14:34 pm[22m [36m[1m[vite][22m[39m [90m[2m(client)[22m[39m [32mhmr update [39m[2m/src/styles/global.css, /src/hooks/useUser.tsx, /src/hooks/useTheme.tsx, /src/pages/Classes.tsx, /src/pages/Dashboard.tsx, /src/pages/ContactPage.tsx, /src/pages/FlashcardsHub.tsx, /src/pages/FlashcardsPage.tsx, /src/components/chat/ChatInterface.tsx, /src/pages/FlashcardsStudyMode.tsx, /src/pages/quizzes/QuizzesPage.tsx, /src/components/QuizPanel.tsx[22m
[2m1:14:35 pm[22m [36m[1m[vite][22m[39m [90m[2m(client)[22m[39m [33mhmr invalidate [39m[2m/src/hooks/useUser.tsx[22m Could not Fast Refresh ("useUser" export is incompatible). Learn more at https://github.com/vitejs/vite-plugin-react/tree/main/packages/plugin-react#consistent-components-exports
[2m1:14:35 pm[22m [36m[1m[vite][22m[39m [90m[2m(client)[22m[39m [32mhmr update [39m[2m/src/App.tsx, /src/components/TopBar.tsx[22m
[2m1:14:35 pm[22m [36m[1m[vite][22m[39m [90m[2m(client)[22m[39m [33mhmr invalidate [39m[2m/src/hooks/useTheme.tsx[22m Could not Fast Refresh ("useTheme" export is incompatible). Learn more at https://github.com/vitejs/vite-plugin-react/tree/main/packages/plugin-react#consistent-components-exports
[2m1:14:35 pm[22m [36m[1m[vite][22m[39m [90m[2m(client)[22m[39m [32mhmr update [39m[2m/src/App.tsx, /src/components/TopBar.tsx, /src/components/BrandLogo.tsx, /src/components/Navbar.tsx[22m
[2m1:20:40 pm[22m [36m[1m[vite][22m[39m [90m[2m(client)[22m[39m [32mhmr update [39m[2m/src/styles/global.css, /src/hooks/useUser.tsx, /src/hooks/useTheme.tsx, /src/pages/Classes.tsx, /src/pages/Dashboard.tsx, /src/pages/ContactPage.tsx, /src/pages/FlashcardsHub.tsx, /src/pages/FlashcardsPage.tsx, /src/components/chat/ChatInterface.tsx, /src/pages/FlashcardsStudyMode.tsx, /src/pages/quizzes/QuizzesPage.tsx, /src/components/QuizPanel.tsx[22m
[2m1:20:41 pm[22m [36m[1m[vite][22m[39m [90m[2m(client)[22m[39m [33mhmr invalidate [39m[2m/src/hooks/useUser.tsx[22m Could not Fast Refresh ("useUser" export is incompatible). Learn more at https://github.com/vitejs/vite-plugin-react/tree/main/packages/plugin-react#consistent-components-exports
[2m1:20:41 pm[22m [36m[1m[vite][22m[39m [90m[2m(client)[22m[39m [32mhmr update [39m[2m/src/App.tsx, /src/components/TopBar.tsx[22m
[2m1:20:41 pm[22m [36m[1m[vite][22m[39m [90m[2m(client)[22m[39m [33mhmr invalidate [39m[2m/src/hooks/useTheme.tsx[22m Could not Fast Refresh ("useTheme" export is incompatible). Learn more at https://github.com/vitejs/vite-plugin-react/tree/main/packages/plugin-react#consistent-components-exports
[2m1:20:41 pm[22m [36m[1m[vite][22m[39m [90m[2m(client)[22m[39m [32mhmr update [39m[2m/src/App.tsx, /src/components/TopBar.tsx, /src/components/BrandLogo.tsx, /src/components/Navbar.tsx[22m
[2m1:43:09 pm[22m [36m[1m[vite][22m[39m [90m[2m(client)[22m[39m [32mhmr update [39m[2m/src/styles/global.css, /src/components/PdfStudyViewer.tsx[22m
[2m1:43:10 pm[22m [36m[1m[vite][22m[39m [90m[2m(client)[22m[39m [32mhmr update [39m[2m/src/styles/global.css, /src/components/PdfStudyViewer.tsx[22m
[2m1:43:11 pm[22m [36m[1m[vite][22m[39m [90m[2m(client)[22m[39m [32mhmr update [39m[2m/src/styles/global.css, /src/components/PdfStudyViewer.tsx[22m
[2m1:43:20 pm[22m [36m[1m[vite][22m[39m [90m[2m(client)[22m[39m [32mhmr update [39m[2m/src/pages/Classes.tsx, /src/styles/global.css[22m
[2m1:43:25 pm[22m [36m[1m[vite][22m[39m [90m[2m(client)[22m[39m [32mhmr update [39m[2m/src/pages/Classes.tsx, /src/styles/global.css[22m
[2m1:43:38 pm[22m [36m[1m[vite][22m[39m [90m[2m(client)[22m[39m [32mhmr update [39m[2m/src/pages/Classes.tsx, /src/styles/global.css[22m
[2m1:43:49 pm[22m [36m[1m[vite][22m[39m [90m[2m(client)[22m[39m [32mhmr update [39m[2m/src/pages/Classes.tsx, /src/styles/global.css[22m
[2m1:43:54 pm[22m [36m[1m[vite][22m[39m [90m[2m(client)[22m[39m [32mhmr update [39m[2m/src/pages/Classes.tsx, /src/styles/global.css[22m
[2m1:43:56 pm[22m [36m[1m[vite][22m[39m [90m[2m(client)[22m[39m [32mhmr update [39m[2m/src/pages/Classes.tsx, /src/styles/global.css[22m
[2m1:44:14 pm[22m [36m[1m[vite][22m[39m [90m[2m(client)[22m[39m [32mhmr update [39m[2m/src/pages/Classes.tsx, /src/styles/global.css[22m
[2m1:44:15 pm[22m [36m[1m[vite][22m[39m [90m[2m(client)[22m[39m [32mhmr update [39m[2m/src/pages/Classes.tsx, /src/styles/global.css[22m
[2m1:44:18 pm[22m [36m[1m[vite][22m[39m [90m[2m(client)[22m[39m [32mhmr update [39m[2m/src/pages/Classes.tsx, /src/styles/global.css[22m
[2m1:44:19 pm[22m [36m[1m[vite][22m[39m [90m[2m(client)[22m[39m [32mhmr update [39m[2m/src/pages/Classes.tsx, /src/styles/global.css[22m
[2m1:44:21 pm[22m [36m[1m[vite][22m[39m [90m[2m(client)[22m[39m [32mhmr update [39m[2m/src/pages/Classes.tsx, /src/styles/global.css[22m
[2m1:44:26 pm[22m [36m[1m[vite][22m[39m [90m[2m(client)[22m[39m [32mhmr update [39m[2m/src/pages/Classes.tsx, /src/styles/global.css[22m
[2m1:44:27 pm[22m [36m[1m[vite][22m[39m [90m[2m(client)[22m[39m [32mhmr update [39m[2m/src/pages/Classes.tsx, /src/styles/global.css[22m
[2m1:44:29 pm[22m [36m[1m[vite][22m[39m [90m[2m(client)[22m[39m [32mhmr update [39m[2m/src/pages/Classes.tsx, /src/styles/global.css[22m
[2m1:44:34 pm[22m [36m[1m[vite][22m[39m [90m[2m(client)[22m[39m [32mhmr update [39m[2m/src/pages/Classes.tsx, /src/styles/global.css[22m
[2m1:44:36 pm[22m [36m[1m[vite][22m[39m [90m[2m(client)[22m[39m [32mhmr update [39m[2m/src/pages/Classes.tsx, /src/styles/global.css[22m
[2m1:44:38 pm[22m [36m[1m[vite][22m[39m [90m[2m(client)[22m[39m [32mhmr update [39m[2m/src/pages/Classes.tsx, /src/styles/global.css[22m
[2m1:44:52 pm[22m [36m[1m[vite][22m[39m [90m[2m(client)[22m[39m [32mhmr update [39m[2m/src/pages/Classes.tsx, /src/styles/global.css[22m
[2m1:45:10 pm[22m [36m[1m[vite][22m[39m [90m[2m(client)[22m[39m [32mhmr update [39m[2m/src/pages/Classes.tsx, /src/styles/global.css[22m
[2m1:45:33 pm[22m [36m[1m[vite][22m[39m [90m[2m(client)[22m[39m [32mhmr update [39m[2m/src/pages/Classes.tsx, /src/styles/global.css[22m
[2m1:45:48 pm[22m [36m[1m[vite][22m[39m [90m[2m(client)[22m[39m [32mhmr update [39m[2m/src/pages/Classes.tsx, /src/styles/global.css[22m
[2m1:45:52 pm[22m [36m[1m[vite][22m[39m [90m[2m(client)[22m[39m [32mhmr update [39m[2m/src/pages/Classes.tsx, /src/styles/global.css[22m
[2m1:45:53 pm[22m [36m[1m[vite][22m[39m [90m[2m(client)[22m[39m [32mhmr update [39m[2m/src/styles/global.css, /src/components/ClassSidebar.tsx[22m
[2m1:45:58 pm[22m [36m[1m[vite][22m[39m [90m[2m(client)[22m[39m [32mhmr update [39m[2m/src/pages/Classes.tsx, /src/styles/global.css[22m
[2m2:12:50 pm[22m [36m[1m[vite][22m[39m [90m[2m(client)[22m[39m [32mhmr update [39m[2m/src/styles/global.css, /src/pages/Classes.tsx, /src/layouts/AppShell.tsx[22m
[2m2:12:55 pm[22m [36m[1m[vite][22m[39m [90m[2m(client)[22m[39m [32mhmr update [39m[2m/src/styles/global.css, /src/layouts/AppShell.tsx[22m
[2m2:12:56 pm[22m [36m[1m[vite][22m[39m [90m[2m(client)[22m[39m [32mhmr update [39m[2m/src/styles/global.css, /src/layouts/AppShell.tsx[22m
[2m2:13:01 pm[22m [36m[1m[vite][22m[39m [90m[2m(client)[22m[39m [32mhmr update [39m[2m/src/styles/global.css, /src/layouts/AppShell.tsx[22m
[2m2:13:13 pm[22m [36m[1m[vite][22m[39m [90m[2m(client)[22m[39m [32mhmr update [39m[2m/src/styles/global.css, /src/layouts/AppShell.tsx[22m
[2m2:13:18 pm[22m [36m[1m[vite][22m[39m [90m[2m(client)[22m[39m [32mhmr update [39m[2m/src/styles/global.css, /src/components/TopBar.tsx[22m
[2m2:13:21 pm[22m [36m[1m[vite][22m[39m [90m[2m(client)[22m[39m [32mhmr update [39m[2m/src/styles/global.css, /src/components/TopBar.tsx[22m
[2m2:13:46 pm[22m [36m[1m[vite][22m[39m [90m[2m(client)[22m[39m [32mhmr update [39m[2m/src/styles/global.css, /src/components/TopBar.tsx[22m
[2m2:13:57 pm[22m [36m[1m[vite][22m[39m [90m[2m(client)[22m[39m [32mhmr update [39m[2m/src/styles/global.css, /src/components/TopBar.tsx[22m
[2m2:14:07 pm[22m [36m[1m[vite][22m[39m [90m[2m(client)[22m[39m [32mhmr update [39m[2m/src/styles/global.css, /src/components/TopBar.tsx[22m
[2m2:14:09 pm[22m [36m[1m[vite][22m[39m [90m[2m(client)[22m[39m [32mhmr update [39m[2m/src/styles/global.css, /src/components/TopBar.tsx[22m
[2m2:14:10 pm[22m [36m[1m[vite][22m[39m [90m[2m(client)[22m[39m [32mhmr update [39m[2m/src/styles/global.css, /src/components/TopBar.tsx[22m
[2m2:14:29 pm[22m [36m[1m[vite][22m[39m [90m[2m(client)[22m[39m [32mhmr update [39m[2m/src/styles/global.css, /src/components/AppSidebar.tsx[22m
[2m2:14:31 pm[22m [36m[1m[vite][22m[39m [90m[2m(client)[22m[39m [32mhmr update [39m[2m/src/styles/global.css, /src/components/AppSidebar.tsx[22m
[2m2:14:39 pm[22m [36m[1m[vite][22m[39m [90m[2m(client)[22m[39m [32mhmr update [39m[2m/src/styles/global.css, /src/components/AppSidebar.tsx[22m
[2m2:14:44 pm[22m [36m[1m[vite][22m[39m [90m[2m(client)[22m[39m [32mhmr update [39m[2m/src/styles/global.css, /src/components/AppSidebar.tsx[22m
[2m2:14:46 pm[22m [36m[1m[vite][22m[39m [90m[2m(client)[22m[39m [32mhmr update [39m[2m/src/styles/global.css, /src/components/AppSidebar.tsx[22m
[2m2:14:49 pm[22m [36m[1m[vite][22m[39m [90m[2m(client)[22m[39m [32mhmr update [39m[2m/src/styles/global.css, /src/components/AppSidebar.tsx[22m
[2m2:14:53 pm[22m [36m[1m[vite][22m[39m [90m[2m(client)[22m[39m [32mhmr update [39m[2m/src/styles/global.css, /src/components/AppSidebar.tsx[22m
[2m2:14:56 pm[22m [36m[1m[vite][22m[39m [90m[2m(client)[22m[39m [32mhmr update [39m[2m/src/styles/global.css, /src/components/AppSidebar.tsx[22m
[2m2:15:04 pm[22m [36m[1m[vite][22m[39m [90m[2m(client)[22m[39m [32mhmr update [39m[2m/src/styles/global.css, /src/components/AppSidebar.tsx[22m
[2m2:15:08 pm[22m [36m[1m[vite][22m[39m [90m[2m(client)[22m[39m [32mhmr update [39m[2m/src/styles/global.css, /src/components/AppSidebar.tsx[22m
[2m2:15:09 pm[22m [36m[1m[vite][22m[39m [90m[2m(client)[22m[39m [32mhmr update [39m[2m/src/styles/global.css, /src/components/AppSidebar.tsx[22m
[2m2:15:33 pm[22m [36m[1m[vite][22m[39m [90m[2m(client)[22m[39m [32mhmr update [39m[2m/src/styles/global.css, /src/components/AppSidebar.tsx[22m
[2m2:15:34 pm[22m [36m[1m[vite][22m[39m [90m[2m(client)[22m[39m [32mhmr update [39m[2m/src/styles/global.css, /src/components/AppSidebar.tsx[22m
[2m2:15:36 pm[22m [36m[1m[vite][22m[39m [90m[2m(client)[22m[39m [32mhmr update [39m[2m/src/styles/global.css, /src/components/AppSidebar.tsx[22m
[2m2:15:47 pm[22m [36m[1m[vite][22m[39m [90m[2m(client)[22m[39m [32mhmr update [39m[2m/src/styles/global.css, /src/components/AppSidebar.tsx[22m
[2m2:15:55 pm[22m [36m[1m[vite][22m[39m [90m[2m(client)[22m[39m [32mhmr update [39m[2m/src/styles/global.css, /src/components/AppSidebar.tsx[22m
[2m2:16:02 pm[22m [36m[1m[vite][22m[39m [90m[2m(client)[22m[39m [32mhmr update [39m[2m/src/styles/global.css[22m
[2m2:16:06 pm[22m [36m[1m[vite][22m[39m [90m[2m(client)[22m[39m [32mhmr update [39m[2m/src/styles/global.css[22m
[2m2:16:08 pm[22m [36m[1m[vite][22m[39m [90m[2m(client)[22m[39m [32mhmr update [39m[2m/src/styles/global.css[22m
[2m2:16:41 pm[22m [36m[1m[vite][22m[39m [90m[2m(client)[22m[39m [32mhmr update [39m[2m/src/styles/global.css, /src/components/Button.tsx[22m
[2m2:19:31 pm[22m [36m[1m[vite][22m[39m [90m[2m(client)[22m[39m [32mhmr update [39m[2m/src/pages/Dashboard.tsx, /src/styles/global.css[22m
[2m2:19:42 pm[22m [36m[1m[vite][22m[39m [90m[2m(client)[22m[39m [32mhmr update [39m[2m/src/pages/Dashboard.tsx, /src/styles/global.css[22m
[2m2:19:44 pm[22m [36m[1m[vite][22m[39m [90m[2m(client)[22m[39m [32mhmr update [39m[2m/src/pages/Dashboard.tsx, /src/styles/global.css[22m
[2m2:20:24 pm[22m [36m[1m[vite][22m[39m [90m[2m(client)[22m[39m [32mhmr update [39m[2m/src/pages/Chatbot.tsx, /src/styles/global.css[22m
[2m2:21:28 pm[22m [36m[1m[vite][22m[39m [90m[2m(client)[22m[39m [32mhmr update [39m[2m/src/styles/global.css[22m
[2m2:22:14 pm[22m [36m[1m[vite][22m[39m [90m[2m(client)[22m[39m [32mhmr update [39m[2m/src/styles/global.css[22m
[2m2:22:20 pm[22m [36m[1m[vite][22m[39m [90m[2m(client)[22m[39m [32mhmr update [39m[2m/src/styles/global.css[22m
[2m2:22:30 pm[22m [36m[1m[vite][22m[39m [90m[2m(client)[22m[39m [32mhmr update [39m[2m/src/styles/global.css[22m
[2m2:22:47 pm[22m [36m[1m[vite][22m[39m [90m[2m(client)[22m[39m [32mhmr update [39m[2m/src/pages/FlashcardsStudyMode.tsx, /src/styles/global.css[22m
[2m2:22:54 pm[22m [36m[1m[vite][22m[39m [90m[2m(client)[22m[39m [32mhmr update [39m[2m/src/styles/global.css[22m
[2m2:22:57 pm[22m [36m[1m[vite][22m[39m [90m[2m(client)[22m[39m [32mhmr update [39m[2m/src/styles/global.css[22m
[2m2:22:59 pm[22m [36m[1m[vite][22m[39m [90m[2m(client)[22m[39m [32mhmr update [39m[2m/src/styles/global.css[22m
[2m2:23:03 pm[22m [36m[1m[vite][22m[39m [90m[2m(client)[22m[39m [32mhmr update [39m[2m/src/styles/global.css[22m
[2m2:23:13 pm[22m [36m[1m[vite][22m[39m [90m[2m(client)[22m[39m [32mhmr update [39m[2m/src/styles/global.css[22m
[2m2:25:16 pm[22m [36m[1m[vite][22m[39m [90m[2m(client)[22m[39m [32mhmr update [39m[2m/src/pages/Dashboard.tsx, /src/styles/global.css[22m
[2m2:25:23 pm[22m [36m[1m[vite][22m[39m [90m[2m(client)[22m[39m [32mhmr update [39m[2m/src/pages/Dashboard.tsx, /src/styles/global.css[22m
[2m2:25:28 pm[22m [36m[1m[vite][22m[39m [90m[2m(client)[22m[39m [32mhmr update [39m[2m/src/pages/FlashcardsStudyMode.tsx, /src/styles/global.css[22m
[2m2:27:14 pm[22m [36m[1m[vite][22m[39m [90m[2m(client)[22m[39m [32mhmr update [39m[2m/src/styles/global.css, /src/components/AppSidebar.tsx[22m
[2m3:41:43 pm[22m [36m[1m[vite][22m[39m [90m[2m(client)[22m[39m [32mhmr update [39m[2m/src/App.tsx, /src/styles/global.css[22m
[2m3:41:43 pm[22m [36m[1m[vite][22m[39m [90m[2m(client)[22m[39m [32mhmr update [39m[2m/src/App.tsx, /src/styles/global.css[22m
[2m3:41:46 pm[22m [36m[1m[vite][22m[39m [90m[2m(client)[22m[39m [32mhmr update [39m[2m/src/App.tsx, /src/styles/global.css[22m
[2m3:41:50 pm[22m [36m[1m[vite][22m[39m [90m[2m(client)[22m[39m [32mhmr update [39m[2m/src/styles/global.css[22m
[2m3:41:53 pm[22m [36m[1m[vite][22m[39m [90m[2m(client)[22m[39m [32mhmr update [39m[2m/src/styles/global.css[22m
[2m3:41:55 pm[22m [36m[1m[vite][22m[39m [90m[2m(client)[22m[39m [32mhmr update [39m[2m/src/styles/global.css[22m
[2m3:41:56 pm[22m [36m[1m[vite][22m[39m [90m[2m(client)[22m[39m [32mhmr update [39m[2m/src/styles/global.css[22m
[2m3:42:06 pm[22m [36m[1m[vite][22m[39m [90m[2m(client)[22m[39m [32mhmr update [39m[2m/src/styles/global.css[22m
[2m3:42:09 pm[22m [36m[1m[vite][22m[39m [90m[2m(client)[22m[39m [32mhmr update [39m[2m/src/styles/global.css, /src/components/GlobalThemeToggle.tsx[22m
[2m3:42:20 pm[22m [36m[1m[vite][22m[39m [90m[2m(client)[22m[39m [32mhmr update [39m[2m/src/styles/global.css, /src/components/Navbar.tsx[22m
[2m3:42:23 pm[22m [36m[1m[vite][22m[39m [90m[2m(client)[22m[39m [32mhmr update [39m[2m/src/styles/global.css, /src/components/Navbar.tsx[22m
[2m3:42:25 pm[22m [36m[1m[vite][22m[39m [90m[2m(client)[22m[39m [32mhmr update [39m[2m/src/styles/global.css, /src/components/Navbar.tsx[22m
[2m3:42:27 pm[22m [36m[1m[vite][22m[39m [90m[2m(client)[22m[39m [32mhmr update [39m[2m/src/styles/global.css, /src/components/Navbar.tsx[22m
[2m3:42:45 pm[22m [36m[1m[vite][22m[39m [90m[2m(client)[22m[39m [32mhmr update [39m[2m/src/components/navbar.css[22m
[2m3:42:48 pm[22m [36m[1m[vite][22m[39m [90m[2m(client)[22m[39m [32mhmr update [39m[2m/src/components/navbar.css[22m
[2m3:42:48 pm[22m [36m[1m[vite][22m[39m [90m[2m(client)[22m[39m [32mhmr update [39m[2m/src/styles/global.css, /src/components/TopBar.tsx[22m
[2m3:42:51 pm[22m [36m[1m[vite][22m[39m [90m[2m(client)[22m[39m [32mhmr update [39m[2m/src/styles/global.css, /src/components/TopBar.tsx[22m
[2m3:42:53 pm[22m [36m[1m[vite][22m[39m [90m[2m(client)[22m[39m [32mhmr update [39m[2m/src/styles/global.css, /src/components/TopBar.tsx[22m
[2m3:42:55 pm[22m [36m[1m[vite][22m[39m [90m[2m(client)[22m[39m [32mhmr update [39m[2m/src/styles/global.css, /src/components/TopBar.tsx[22m
[2m3:43:02 pm[22m [36m[1m[vite][22m[39m [90m[2m(client)[22m[39m [32mhmr update [39m[2m/src/pages/landing.css[22m
[2m3:43:10 pm[22m [36m[1m[vite][22m[39m [90m[2m(client)[22m[39m [32mhmr update [39m[2m/src/pages/landing.css[22m
[2m3:43:12 pm[22m [36m[1m[vite][22m[39m [90m[2m(client)[22m[39m [32mhmr update [39m[2m/src/pages/landing.css[22m
[2m3:43:14 pm[22m [36m[1m[vite][22m[39m [90m[2m(client)[22m[39m [32mhmr update [39m[2m/src/pages/landing.css[22m
[2m3:43:30 pm[22m [36m[1m[vite][22m[39m [90m[2m(client)[22m[39m [32mhmr update [39m[2m/src/pages/pricing.css[22m
[2m3:43:39 pm[22m [36m[1m[vite][22m[39m [90m[2m(client)[22m[39m [32mhmr update [39m[2m/src/pages/Pricing.tsx, /src/styles/global.css[22m
[2m3:43:42 pm[22m [36m[1m[vite][22m[39m [90m[2m(client)[22m[39m [32mhmr update [39m[2m/src/pages/ContactPage.tsx, /src/styles/global.css[22m
[2m3:43:45 pm[22m [36m[1m[vite][22m[39m [90m[2m(client)[22m[39m [32mhmr update [39m[2m/src/pages/ContactPage.tsx, /src/styles/global.css[22m
[2m3:43:54 pm[22m [36m[1m[vite][22m[39m [90m[2m(client)[22m[39m [32mhmr update [39m[2m/src/pages/ContactPage.tsx, /src/styles/global.css[22m
[2m3:43:56 pm[22m [36m[1m[vite][22m[39m [90m[2m(client)[22m[39m [32mhmr update [39m[2m/src/pages/ContactPage.tsx, /src/styles/global.css[22m
[2m3:43:58 pm[22m [36m[1m[vite][22m[39m [90m[2m(client)[22m[39m [32mhmr update [39m[2m/src/pages/ContactPage.tsx, /src/styles/global.css[22m
[2m3:44:10 pm[22m [36m[1m[vite][22m[39m [90m[2m(client)[22m[39m [32mhmr update [39m[2m/src/components/navbar.css[22m
[2m3:47:09 pm[22m [36m[1m[vite][22m[39m [90m[2m(client)[22m[39m [32mhmr update [39m[2m/src/pages/landing.css[22m
